<?xml version="1.0" encoding="UTF-8"?>
<testsuite name="com.leesungbo.book.springboot.web.dto.HelloResponseDtoTest" tests="1" skipped="0" failures="0" errors="0" timestamp="2025-05-09T13:38:31" hostname="boui-MacBookAir.local" time="0.022">
  <properties/>
  <testcase name="롬복_기능_테스트" classname="com.leesungbo.book.springboot.web.dto.HelloResponseDtoTest" time="0.022"/>
  <system-out><![CDATA[]]></system-out>
  <system-err><![CDATA[]]></system-err>
</testsuite>
